2020-10-19 17:29:24 [INFO ] c.sbs.example.lolHi.LolHiApplication - Starting LolHiApplication on choejin-yeong-ui-MacBook-Pro.local with PID 81162 (/Users/choiwooyoung/Documents/lolHi/lolHi/target/classes started by choiwooyoung in /Users/choiwooyoung/Documents/lolHi/lolHi)
2020-10-19 17:29:24 [INFO ] c.sbs.example.lolHi.LolHiApplication - The following profiles are active: local
2020-10-19 17:29:24 [INFO ] o.s.b.d.e.DevToolsPropertyDefaultsPostProcessor - Devtools property defaults active! Set 'spring.devtools.add-properties' to 'false' to disable
2020-10-19 17:29:24 [INFO ] o.s.b.d.e.DevToolsPropertyDefaultsPostProcessor - For additional web related logging consider setting the 'logging.level.web' property to 'DEBUG'
2020-10-19 17:29:25 [INFO ] o.s.b.w.e.tomcat.TomcatWebServer - Tomcat initialized with port(s): 8085 (http)
2020-10-19 17:29:25 [INFO ] o.a.coyote.http11.Http11NioProtocol - Initializing ProtocolHandler ["http-nio-8085"]
2020-10-19 17:29:25 [INFO ] o.a.catalina.core.StandardService - Starting service [Tomcat]
2020-10-19 17:29:25 [INFO ] o.a.catalina.core.StandardEngine - Starting Servlet engine: [Apache Tomcat/9.0.38]
2020-10-19 17:29:25 [INFO ] org.apache.jasper.servlet.TldScanner - At least one JAR was scanned for TLDs yet contained no TLDs. Enable debug logging for this logger for a complete list of JARs that were scanned but no TLDs were found in them. Skipping unneeded JARs during scanning can improve startup time and JSP compilation time.
2020-10-19 17:29:25 [INFO ] o.a.c.c.C.[Tomcat].[localhost].[/] - Initializing Spring embedded WebApplicationContext
2020-10-19 17:29:25 [INFO ] o.s.b.w.s.c.ServletWebServerApplicationContext - Root WebApplicationContext: initialization completed in 1091 ms
2020-10-19 17:29:26 [INFO ] o.s.s.c.ThreadPoolTaskExecutor - Initializing ExecutorService 'applicationTaskExecutor'
2020-10-19 17:29:26 [INFO ] o.s.b.d.a.OptionalLiveReloadServer - LiveReload server is running on port 35729
2020-10-19 17:29:26 [INFO ] o.a.coyote.http11.Http11NioProtocol - Starting ProtocolHandler ["http-nio-8085"]
2020-10-19 17:29:26 [INFO ] o.s.b.w.e.tomcat.TomcatWebServer - Tomcat started on port(s): 8085 (http) with context path ''
2020-10-19 17:29:26 [INFO ] c.sbs.example.lolHi.LolHiApplication - Started LolHiApplication in 2.162 seconds (JVM running for 2.925)
2020-10-19 17:29:28 [INFO ] o.a.c.c.C.[Tomcat].[localhost].[/] - Initializing Spring DispatcherServlet 'dispatcherServlet'
2020-10-19 17:29:28 [INFO ] o.s.web.servlet.DispatcherServlet - Initializing Servlet 'dispatcherServlet'
2020-10-19 17:29:28 [INFO ] o.s.web.servlet.DispatcherServlet - Completed initialization in 6 ms
2020-10-19 17:29:28 [INFO ] com.zaxxer.hikari.HikariDataSource - HikariPool-1 - Starting...
2020-10-19 17:29:29 [INFO ] com.zaxxer.hikari.HikariDataSource - HikariPool-1 - Start completed.
2020-10-19 17:29:29 [DEBUG] jdbc.sqltiming -  com.zaxxer.hikari.pool.ProxyPreparedStatement.execute(ProxyPreparedStatement.java:44)
1. SELECT COUNT(*)
		FROM
		article
 {executed in 21 msec}
2020-10-19 17:29:29 [INFO ] jdbc.resultsettable - 
|---------|
|count(*) |
|---------|
|2        |
|---------|

2020-10-19 17:29:29 [DEBUG] jdbc.sqltiming -  com.zaxxer.hikari.pool.ProxyPreparedStatement.execute(ProxyPreparedStatement.java:44)
1. SELECT *
		FROM article
		ORDER BY id DESC

			LIMIT 0, 10
 {executed in 7 msec}
2020-10-19 17:29:29 [INFO ] jdbc.resultsettable - 
|---|--------------------|--------------------|------|-----|
|id |regdate             |updatedate          |title |body |
|---|--------------------|--------------------|------|-----|
|2  |2020-10-18 15:16:40 |2020-10-18 16:56:23 |제목2   |내용2  |
|1  |2020-10-18 15:16:40 |2020-10-18 15:16:40 |제목1   |내용1  |
|---|--------------------|--------------------|------|-----|

2020-10-19 17:29:35 [DEBUG] jdbc.sqltiming -  com.zaxxer.hikari.pool.ProxyPreparedStatement.execute(ProxyPreparedStatement.java:44)
1. SELECT *
		FROM member
		WHERE loginId = 'ddd'
 {executed in 2 msec}
2020-10-19 17:29:35 [INFO ] jdbc.resultsettable - 
|---|--------------------|--------------------|--------|--------|-----|
|id |regdate             |updatedate          |loginid |loginpw |name |
|---|--------------------|--------------------|--------|--------|-----|
|1  |2020-10-18 16:45:25 |2020-10-18 16:45:25 |ddd     |ddd     |ddd  |
|---|--------------------|--------------------|--------|--------|-----|

2020-10-19 17:29:37 [DEBUG] jdbc.sqltiming -  com.zaxxer.hikari.pool.ProxyPreparedStatement.execute(ProxyPreparedStatement.java:44)
1. SELECT COUNT(*)
		FROM
		article
 {executed in 1 msec}
2020-10-19 17:29:37 [INFO ] jdbc.resultsettable - 
|---------|
|count(*) |
|---------|
|2        |
|---------|

2020-10-19 17:29:37 [DEBUG] jdbc.sqltiming -  com.zaxxer.hikari.pool.ProxyPreparedStatement.execute(ProxyPreparedStatement.java:44)
1. SELECT *
		FROM article
		ORDER BY id DESC

			LIMIT 0, 10
 {executed in 1 msec}
2020-10-19 17:29:37 [INFO ] jdbc.resultsettable - 
|---|--------------------|--------------------|------|-----|
|id |regdate             |updatedate          |title |body |
|---|--------------------|--------------------|------|-----|
|2  |2020-10-18 15:16:40 |2020-10-18 16:56:23 |제목2   |내용2  |
|1  |2020-10-18 15:16:40 |2020-10-18 15:16:40 |제목1   |내용1  |
|---|--------------------|--------------------|------|-----|

2020-10-19 17:29:46 [DEBUG] jdbc.sqltiming -  com.zaxxer.hikari.pool.ProxyPreparedStatement.execute(ProxyPreparedStatement.java:44)
1. SELECT COUNT(*)
		FROM
		article
 {executed in 1 msec}
2020-10-19 17:29:46 [INFO ] jdbc.resultsettable - 
|---------|
|count(*) |
|---------|
|2        |
|---------|

2020-10-19 17:29:46 [DEBUG] jdbc.sqltiming -  com.zaxxer.hikari.pool.ProxyPreparedStatement.execute(ProxyPreparedStatement.java:44)
1. SELECT *
		FROM article
		ORDER BY id DESC

			LIMIT 0, 10
 {executed in 0 msec}
2020-10-19 17:29:46 [INFO ] jdbc.resultsettable - 
|---|--------------------|--------------------|------|-----|
|id |regdate             |updatedate          |title |body |
|---|--------------------|--------------------|------|-----|
|2  |2020-10-18 15:16:40 |2020-10-18 16:56:23 |제목2   |내용2  |
|1  |2020-10-18 15:16:40 |2020-10-18 15:16:40 |제목1   |내용1  |
|---|--------------------|--------------------|------|-----|

2020-10-19 17:56:09 [INFO ] o.s.s.c.ThreadPoolTaskExecutor - Shutting down ExecutorService 'applicationTaskExecutor'
2020-10-19 17:56:09 [INFO ] com.zaxxer.hikari.HikariDataSource - HikariPool-1 - Shutdown initiated...
2020-10-19 17:56:09 [INFO ] com.zaxxer.hikari.HikariDataSource - HikariPool-1 - Shutdown completed.
2020-10-19 17:56:09 [INFO ] c.sbs.example.lolHi.LolHiApplication - Starting LolHiApplication on choejin-yeong-ui-MacBook-Pro.local with PID 81162 (/Users/choiwooyoung/Documents/lolHi/lolHi/target/classes started by choiwooyoung in /Users/choiwooyoung/Documents/lolHi/lolHi)
2020-10-19 17:56:09 [INFO ] c.sbs.example.lolHi.LolHiApplication - The following profiles are active: local
2020-10-19 17:56:09 [INFO ] o.s.b.w.e.tomcat.TomcatWebServer - Tomcat initialized with port(s): 8085 (http)
2020-10-19 17:56:09 [INFO ] o.a.coyote.http11.Http11NioProtocol - Initializing ProtocolHandler ["http-nio-8085"]
2020-10-19 17:56:09 [INFO ] o.a.catalina.core.StandardService - Starting service [Tomcat]
2020-10-19 17:56:09 [INFO ] o.a.catalina.core.StandardEngine - Starting Servlet engine: [Apache Tomcat/9.0.38]
2020-10-19 17:56:09 [INFO ] org.apache.jasper.servlet.TldScanner - At least one JAR was scanned for TLDs yet contained no TLDs. Enable debug logging for this logger for a complete list of JARs that were scanned but no TLDs were found in them. Skipping unneeded JARs during scanning can improve startup time and JSP compilation time.
2020-10-19 17:56:09 [INFO ] o.a.c.c.C.[Tomcat].[localhost].[/] - Initializing Spring embedded WebApplicationContext
2020-10-19 17:56:09 [INFO ] o.s.b.w.s.c.ServletWebServerApplicationContext - Root WebApplicationContext: initialization completed in 208 ms
2020-10-19 17:56:09 [INFO ] o.s.s.c.ThreadPoolTaskExecutor - Initializing ExecutorService 'applicationTaskExecutor'
2020-10-19 17:56:10 [INFO ] o.s.b.d.a.OptionalLiveReloadServer - LiveReload server is running on port 35729
2020-10-19 17:56:10 [INFO ] o.a.coyote.http11.Http11NioProtocol - Starting ProtocolHandler ["http-nio-8085"]
2020-10-19 17:56:10 [INFO ] o.s.b.w.e.tomcat.TomcatWebServer - Tomcat started on port(s): 8085 (http) with context path ''
2020-10-19 17:56:10 [INFO ] c.sbs.example.lolHi.LolHiApplication - Started LolHiApplication in 0.379 seconds (JVM running for 1606.616)
2020-10-19 17:56:10 [INFO ] o.s.b.d.a.ConditionEvaluationDeltaLoggingListener - Condition evaluation unchanged
2020-10-19 17:56:27 [INFO ] o.s.s.c.ThreadPoolTaskExecutor - Shutting down ExecutorService 'applicationTaskExecutor'
2020-10-19 17:56:27 [INFO ] c.sbs.example.lolHi.LolHiApplication - Starting LolHiApplication on choejin-yeong-ui-MacBook-Pro.local with PID 81162 (/Users/choiwooyoung/Documents/lolHi/lolHi/target/classes started by choiwooyoung in /Users/choiwooyoung/Documents/lolHi/lolHi)
2020-10-19 17:56:27 [INFO ] c.sbs.example.lolHi.LolHiApplication - The following profiles are active: local
2020-10-19 17:56:27 [INFO ] o.s.b.w.e.tomcat.TomcatWebServer - Tomcat initialized with port(s): 8085 (http)
2020-10-19 17:56:27 [INFO ] o.a.coyote.http11.Http11NioProtocol - Initializing ProtocolHandler ["http-nio-8085"]
2020-10-19 17:56:27 [INFO ] o.a.catalina.core.StandardService - Starting service [Tomcat]
2020-10-19 17:56:27 [INFO ] o.a.catalina.core.StandardEngine - Starting Servlet engine: [Apache Tomcat/9.0.38]
2020-10-19 17:56:27 [INFO ] org.apache.jasper.servlet.TldScanner - At least one JAR was scanned for TLDs yet contained no TLDs. Enable debug logging for this logger for a complete list of JARs that were scanned but no TLDs were found in them. Skipping unneeded JARs during scanning can improve startup time and JSP compilation time.
2020-10-19 17:56:27 [INFO ] o.a.c.c.C.[Tomcat].[localhost].[/] - Initializing Spring embedded WebApplicationContext
2020-10-19 17:56:27 [INFO ] o.s.b.w.s.c.ServletWebServerApplicationContext - Root WebApplicationContext: initialization completed in 188 ms
2020-10-19 17:56:28 [INFO ] o.s.s.c.ThreadPoolTaskExecutor - Initializing ExecutorService 'applicationTaskExecutor'
2020-10-19 17:56:28 [INFO ] o.s.b.d.a.OptionalLiveReloadServer - LiveReload server is running on port 35729
2020-10-19 17:56:28 [INFO ] o.a.coyote.http11.Http11NioProtocol - Starting ProtocolHandler ["http-nio-8085"]
2020-10-19 17:56:28 [INFO ] o.s.b.w.e.tomcat.TomcatWebServer - Tomcat started on port(s): 8085 (http) with context path ''
2020-10-19 17:56:28 [INFO ] c.sbs.example.lolHi.LolHiApplication - Started LolHiApplication in 0.336 seconds (JVM running for 1624.632)
2020-10-19 17:56:28 [INFO ] o.s.b.d.a.ConditionEvaluationDeltaLoggingListener - Condition evaluation unchanged
2020-10-19 17:57:54 [INFO ] o.a.c.c.C.[Tomcat].[localhost].[/] - Initializing Spring DispatcherServlet 'dispatcherServlet'
2020-10-19 17:57:54 [INFO ] o.s.web.servlet.DispatcherServlet - Initializing Servlet 'dispatcherServlet'
2020-10-19 17:57:54 [INFO ] o.s.web.servlet.DispatcherServlet - Completed initialization in 6 ms
2020-10-19 17:57:54 [INFO ] com.zaxxer.hikari.HikariDataSource - HikariPool-2 - Starting...
2020-10-19 17:57:54 [INFO ] com.zaxxer.hikari.HikariDataSource - HikariPool-2 - Start completed.
2020-10-19 17:57:54 [DEBUG] jdbc.sqltiming -  com.zaxxer.hikari.pool.ProxyPreparedStatement.execute(ProxyPreparedStatement.java:44)
11. SELECT COUNT(*)
		FROM
		article
 {executed in 0 msec}
2020-10-19 17:57:54 [INFO ] jdbc.resultsettable - 
|---------|
|count(*) |
|---------|
|2        |
|---------|

2020-10-19 17:57:54 [DEBUG] jdbc.sqltiming -  com.zaxxer.hikari.pool.ProxyPreparedStatement.execute(ProxyPreparedStatement.java:44)
11. SELECT *
		FROM article
		ORDER BY id DESC

			LIMIT 0, 10
 {executed in 0 msec}
2020-10-19 17:57:54 [INFO ] jdbc.resultsettable - 
|---|--------------------|--------------------|------|-----|
|id |regdate             |updatedate          |title |body |
|---|--------------------|--------------------|------|-----|
|2  |2020-10-18 15:16:40 |2020-10-18 16:56:23 |제목2   |내용2  |
|1  |2020-10-18 15:16:40 |2020-10-18 15:16:40 |제목1   |내용1  |
|---|--------------------|--------------------|------|-----|

2020-10-19 17:57:59 [DEBUG] jdbc.sqltiming -  com.zaxxer.hikari.pool.ProxyPreparedStatement.execute(ProxyPreparedStatement.java:44)
11. SELECT *
		FROM article
		WHERE id = 2
 {executed in 0 msec}
2020-10-19 17:57:59 [INFO ] jdbc.resultsettable - 
|---|--------------------|--------------------|------|-----|
|id |regdate             |updatedate          |title |body |
|---|--------------------|--------------------|------|-----|
|2  |2020-10-18 15:16:40 |2020-10-18 16:56:23 |제목2   |내용2  |
|---|--------------------|--------------------|------|-----|

2020-10-19 17:58:03 [DEBUG] jdbc.sqltiming -  com.zaxxer.hikari.pool.ProxyPreparedStatement.execute(ProxyPreparedStatement.java:44)
11. DELETE FROM article
		WHERE id = 2
 {executed in 12 msec}
2020-10-19 17:58:05 [DEBUG] jdbc.sqltiming -  com.zaxxer.hikari.pool.ProxyPreparedStatement.execute(ProxyPreparedStatement.java:44)
11. SELECT COUNT(*)
		FROM
		article
 {executed in 1 msec}
2020-10-19 17:58:05 [INFO ] jdbc.resultsettable - 
|---------|
|count(*) |
|---------|
|1        |
|---------|

2020-10-19 17:58:05 [DEBUG] jdbc.sqltiming -  com.zaxxer.hikari.pool.ProxyPreparedStatement.execute(ProxyPreparedStatement.java:44)
11. SELECT *
		FROM article
		ORDER BY id DESC

			LIMIT 0, 10
 {executed in 1 msec}
2020-10-19 17:58:05 [INFO ] jdbc.resultsettable - 
|---|--------------------|--------------------|------|-----|
|id |regdate             |updatedate          |title |body |
|---|--------------------|--------------------|------|-----|
|1  |2020-10-18 15:16:40 |2020-10-18 15:16:40 |제목1   |내용1  |
|---|--------------------|--------------------|------|-----|

2020-10-19 17:58:28 [DEBUG] jdbc.sqltiming -  com.zaxxer.hikari.pool.ProxyPreparedStatement.execute(ProxyPreparedStatement.java:44)
11. SELECT *
		FROM member
		WHERE loginId = 'ddd'
 {executed in 0 msec}
2020-10-19 17:58:28 [INFO ] jdbc.resultsettable - 
|---|--------------------|--------------------|--------|--------|-----|
|id |regdate             |updatedate          |loginid |loginpw |name |
|---|--------------------|--------------------|--------|--------|-----|
|1  |2020-10-18 16:45:25 |2020-10-18 16:45:25 |ddd     |ddd     |ddd  |
|---|--------------------|--------------------|--------|--------|-----|

2020-10-19 17:58:30 [DEBUG] jdbc.sqltiming -  com.zaxxer.hikari.pool.ProxyPreparedStatement.execute(ProxyPreparedStatement.java:44)
11. SELECT COUNT(*)
		FROM
		article
 {executed in 1 msec}
2020-10-19 17:58:30 [INFO ] jdbc.resultsettable - 
|---------|
|count(*) |
|---------|
|1        |
|---------|

2020-10-19 17:58:30 [DEBUG] jdbc.sqltiming -  com.zaxxer.hikari.pool.ProxyPreparedStatement.execute(ProxyPreparedStatement.java:44)
11. SELECT *
		FROM article
		ORDER BY id DESC

			LIMIT 0, 10
 {executed in 1 msec}
2020-10-19 17:58:30 [INFO ] jdbc.resultsettable - 
|---|--------------------|--------------------|------|-----|
|id |regdate             |updatedate          |title |body |
|---|--------------------|--------------------|------|-----|
|1  |2020-10-18 15:16:40 |2020-10-18 15:16:40 |제목1   |내용1  |
|---|--------------------|--------------------|------|-----|

2020-10-19 17:58:40 [DEBUG] jdbc.sqltiming -  com.zaxxer.hikari.pool.ProxyPreparedStatement.execute(ProxyPreparedStatement.java:44)
11. INSERT INTO article
		 SET regDate = NOW(),
			updateDate = NOW(),

				title = 'dfdfd',

				`body` = 'dfdf'
 {executed in 2 msec}
2020-10-19 17:58:40 [DEBUG] jdbc.sqltiming -  com.zaxxer.hikari.pool.ProxyStatement.getGeneratedKeys(ProxyStatement.java:230)
11. getGeneratedKeys on query: INSERT INTO article
		 SET regDate = NOW(),
			updateDate = NOW(),

				title = 'dfdfd',

				`body` = 'dfdf'
 {executed in 1 msec}
2020-10-19 17:58:40 [INFO ] jdbc.resultsettable - 
|--------------|
|generated_key |
|--------------|
|3             |
|--------------|

2020-10-19 17:58:41 [DEBUG] jdbc.sqltiming -  com.zaxxer.hikari.pool.ProxyPreparedStatement.execute(ProxyPreparedStatement.java:44)
11. SELECT *
		FROM article
		WHERE id = 3
 {executed in 0 msec}
2020-10-19 17:58:41 [INFO ] jdbc.resultsettable - 
|---|--------------------|--------------------|------|-----|
|id |regdate             |updatedate          |title |body |
|---|--------------------|--------------------|------|-----|
|3  |2020-10-19 17:58:40 |2020-10-19 17:58:40 |dfdfd |dfdf |
|---|--------------------|--------------------|------|-----|

2020-10-19 17:58:45 [DEBUG] jdbc.sqltiming -  com.zaxxer.hikari.pool.ProxyPreparedStatement.execute(ProxyPreparedStatement.java:44)
11. SELECT COUNT(*)
		FROM
		article
 {executed in 1 msec}
2020-10-19 17:58:45 [INFO ] jdbc.resultsettable - 
|---------|
|count(*) |
|---------|
|2        |
|---------|

2020-10-19 17:58:45 [DEBUG] jdbc.sqltiming -  com.zaxxer.hikari.pool.ProxyPreparedStatement.execute(ProxyPreparedStatement.java:44)
11. SELECT *
		FROM article
		ORDER BY id DESC

			LIMIT 0, 10
 {executed in 0 msec}
2020-10-19 17:58:45 [INFO ] jdbc.resultsettable - 
|---|--------------------|--------------------|------|-----|
|id |regdate             |updatedate          |title |body |
|---|--------------------|--------------------|------|-----|
|3  |2020-10-19 17:58:40 |2020-10-19 17:58:40 |dfdfd |dfdf |
|1  |2020-10-18 15:16:40 |2020-10-18 15:16:40 |제목1   |내용1  |
|---|--------------------|--------------------|------|-----|

